<?xml version="1.0" encoding="UTF-8"?>
<!-- Generated by org.testng.reporters.JUnitReportReporter -->
<testsuite name="com.ProjectByJai.testScript.TillPaymentPage" tests="1" time="27.257" ignored="0" failures="0" timestamp="07 Oct 2018 14:24:23 GMT" skipped="0" hostname="1-PC" errors="0">
  <testcase name="testTillPaymentPage" time="27.257" classname="com.ProjectByJai.testScript.TillPaymentPage"/>
</testsuite> <!-- com.ProjectByJai.testScript.TillPaymentPage -->
