<?xml version="1.0" encoding="UTF-8"?>
<!-- Generated by org.testng.reporters.JUnitReportReporter -->
<testsuite name="com.ProjectByJai.testScript.LoginTest" tests="1" time="9.209" ignored="0" failures="0" timestamp="07 Oct 2018 13:31:49 GMT" skipped="0" hostname="1-PC" errors="0">
  <testcase name="testValidLogin" time="9.209" classname="com.ProjectByJai.testScript.LoginTest"/>
</testsuite> <!-- com.ProjectByJai.testScript.LoginTest -->
