<?xml version="1.0" encoding="UTF-8"?>
<!-- Generated by org.testng.reporters.JUnitReportReporter -->
<testsuite name="com.ProjectByJai.testScript.RegistrationTest" tests="1" time="18.551" ignored="0" failures="0" timestamp="07 Oct 2018 14:31:10 GMT" skipped="0" hostname="1-PC" errors="0">
  <testcase name="testRegistration" time="18.551" classname="com.ProjectByJai.testScript.RegistrationTest"/>
</testsuite> <!-- com.ProjectByJai.testScript.RegistrationTest -->
