<?xml version="1.0" encoding="UTF-8"?>
<!-- Generated by org.testng.reporters.JUnitReportReporter -->
<testsuite name="com.ProjectByJai.testBase.LoginTest" tests="1" time="9.509" ignored="0" failures="0" timestamp="07 Oct 2018 12:26:35 GMT" skipped="0" hostname="1-PC" errors="0">
  <testcase name="testValidLogin" time="9.509" classname="com.ProjectByJai.testBase.LoginTest"/>
</testsuite> <!-- com.ProjectByJai.testBase.LoginTest -->
