<?xml version="1.0" encoding="UTF-8"?>
<!-- Generated by org.testng.reporters.JUnitReportReporter -->
<testsuite skipped="0" hostname="DIN35003134"
	name="com.newtours.demoaut.OneWayFlightBooking" tests="1" failures="0"
	timestamp="20 Jun 2018 06:09:36 GMT" time="53.993" errors="0">
	<testcase name="OneWayFlightBookingTest" time="53.993"
		classname="com.newtours.demoaut.OneWayFlightBooking" />
</testsuite> <!-- com.newtours.demoaut.OneWayFlightBooking -->
