<?xml version="1.0" encoding="UTF-8"?>
<!-- Generated by org.testng.reporters.JUnitReportReporter -->
<testsuite skipped="0" hostname="DIN35003134" name="com.newtours.demoaur.library.Excel_Library" tests="1" failures="0" timestamp="15 Jun 2018 09:42:24 GMT" time="0.485" errors="0">
  <testcase name="readExcelData" time="0.485" classname="com.newtours.demoaur.library.Excel_Library"/>
</testsuite> <!-- com.newtours.demoaur.library.Excel_Library -->
